infoMovie/app/build/intermediates/manifest_merge_blame_file/debug/processDebugMainManifest/manifest-merger-blame-debug-report.txt
1<?xml version="1.0" encoding="utf-8"?>
2<manifest xmlns:android="http://schemas.android.com/apk/res/android"
3    package="com.example.infomovie"
4    android:versionCode="1"
5    android:versionName="1.0" >
6
7    <uses-sdk
8        android:minSdkVersion="24"
9        android:targetSdkVersion="34" />
10
11    <uses-permission android:name="android.permission.INTERNET" />
11-->src\main\AndroidManifest.xml:5:5-67
11-->src\main\AndroidManifest.xml:5:22-64
12
13    <permission
13-->[androidx.core:core:1.13.0] AndroidManifest.xml:22:5-24:47
14        android:name="com.example.infomovie.DYNAMIC_RECEIVER_NOT_EXPORTED_PERMISSION"
14-->[androidx.core:core:1.13.0] AndroidManifest.xml:23:9-81
15        android:protectionLevel="signature" />
15-->[androidx.core:core:1.13.0] AndroidManifest.xml:24:9-44
16
17    <uses-permission android:name="com.example.infomovie.DYNAMIC_RECEIVER_NOT_EXPORTED_PERMISSION" />
17-->[androidx.core:core:1.13.0] AndroidManifest.xml:26:5-97
17-->[androidx.core:core:1.13.0] AndroidManifest.xml:26:22-94
18
19    <application
19-->src\main\AndroidManifest.xml:7:5-41:19
20        android:allowBackup="true"
20-->src\main\AndroidManifest.xml:8:9-35
21        android:appComponentFactory="androidx.core.app.CoreComponentFactory"
21-->[androidx.core:core:1.13.0] AndroidManifest.xml:28:18-86
22        android:dataExtractionRules="@xml/data_extraction_rules"
22-->src\main\AndroidManifest.xml:9:9-65
23        android:debuggable="true"
24        android:extractNativeLibs="false"
25        android:fullBackupContent="@xml/backup_rules"
25-->src\main\AndroidManifest.xml:10:9-54
26        android:icon="@mipmap/ic_launcher"
26-->src\main\AndroidManifest.xml:11:9-43
27        android:label="@string/app_name"
27-->src\main\AndroidManifest.xml:12:9-41
28        android:roundIcon="@mipmap/ic_launcher_round"
28-->src\main\AndroidManifest.xml:13:9-54
29        android:supportsRtl="true"
29-->src\main\AndroidManifest.xml:14:9-35
30        android:testOnly="true"
31        android:theme="@style/Theme.InfoMovie" >
31-->src\main\AndroidManifest.xml:15:9-47
32        <activity
32-->src\main\AndroidManifest.xml:17:9-19:40
33            android:name="com.example.infomovie.EditProfileActivity"
33-->src\main\AndroidManifest.xml:18:13-48
34            android:exported="false" />
34-->src\main\AndroidManifest.xml:19:13-37
35        <activity
35-->src\main\AndroidManifest.xml:20:9-22:40
36            android:name="com.example.infomovie.DetailActivity"
36-->src\main\AndroidManifest.xml:21:13-43
37            android:exported="false" />
37-->src\main\AndroidManifest.xml:22:13-37
38        <activity
38-->src\main\AndroidManifest.xml:23:9-25:40
39            android:name="com.example.infomovie.MainActivity"
39-->src\main\AndroidManifest.xml:24:13-41
40            android:exported="false" />
40-->src\main\AndroidManifest.xml:25:13-37
41        <activity
41-->src\main\AndroidManifest.xml:26:9-28:40
42            android:name="com.example.infomovie.RegistrasiActivity"
42-->src\main\AndroidManifest.xml:27:13-47
43            android:exported="false" />
43-->src\main\AndroidManifest.xml:28:13-37
44        <activity
44-->src\main\AndroidManifest.xml:29:9-31:40
45            android:name="com.example.infomovie.LoginActivity"
45-->src\main\AndroidManifest.xml:30:13-42
46            android:exported="false" />
46-->src\main\AndroidManifest.xml:31:13-37
47        <activity
47-->src\main\AndroidManifest.xml:32:9-40:20
48            android:name="com.example.infomovie.IntroActivity"
48-->src\main\AndroidManifest.xml:33:13-42
49            android:exported="true" >
49-->src\main\AndroidManifest.xml:34:13-36
50            <intent-filter>
50-->src\main\AndroidManifest.xml:35:13-39:29
51                <action android:name="android.intent.action.MAIN" />
51-->src\main\AndroidManifest.xml:36:17-69
51-->src\main\AndroidManifest.xml:36:25-66
52
53                <category android:name="android.intent.category.LAUNCHER" />
53-->src\main\AndroidManifest.xml:38:17-77
53-->src\main\AndroidManifest.xml:38:27-74
54            </intent-filter>
55        </activity>
56
57        <provider
57-->[com.squareup.picasso:picasso:2.71828] AndroidManifest.xml:8:9-11:40
58            android:name="com.squareup.picasso.PicassoProvider"
58-->[com.squareup.picasso:picasso:2.71828] AndroidManifest.xml:9:13-64
59            android:authorities="com.example.infomovie.com.squareup.picasso"
59-->[com.squareup.picasso:picasso:2.71828] AndroidManifest.xml:10:13-72
60            android:exported="false" />
60-->[com.squareup.picasso:picasso:2.71828] AndroidManifest.xml:11:13-37
61        <provider
61-->[androidx.emoji2:emoji2:1.2.0] AndroidManifest.xml:24:9-32:20
62            android:name="androidx.startup.InitializationProvider"
62-->[androidx.emoji2:emoji2:1.2.0] AndroidManifest.xml:25:13-67
63            android:authorities="com.example.infomovie.androidx-startup"
63-->[androidx.emoji2:emoji2:1.2.0] AndroidManifest.xml:26:13-68
64            android:exported="false" >
64-->[androidx.emoji2:emoji2:1.2.0] AndroidManifest.xml:27:13-37
65            <meta-data
65-->[androidx.emoji2:emoji2:1.2.0] AndroidManifest.xml:29:13-31:52
66                android:name="androidx.emoji2.text.EmojiCompatInitializer"
66-->[androidx.emoji2:emoji2:1.2.0] AndroidManifest.xml:30:17-75
67                android:value="androidx.startup" />
67-->[androidx.emoji2:emoji2:1.2.0] AndroidManifest.xml:31:17-49
68            <meta-data
68-->[androidx.lifecycle:lifecycle-process:2.6.2] AndroidManifest.xml:29:13-31:52
69                android:name="androidx.lifecycle.ProcessLifecycleInitializer"
69-->[androidx.lifecycle:lifecycle-process:2.6.2] AndroidManifest.xml:30:17-78
70                android:value="androidx.startup" />
70-->[androidx.lifecycle:lifecycle-process:2.6.2] AndroidManifest.xml:31:17-49
71            <meta-data
71-->[androidx.profileinstaller:profileinstaller:1.3.1] AndroidManifest.xml:29:13-31:52
72                android:name="androidx.profileinstaller.ProfileInstallerInitializer"
72-->[androidx.profileinstaller:profileinstaller:1.3.1] AndroidManifest.xml:30:17-85
73                android:value="androidx.startup" />
73-->[androidx.profileinstaller:profileinstaller:1.3.1] AndroidManifest.xml:31:17-49
74        </provider>
75
76        <receiver
76-->[androidx.profileinstaller:profileinstaller:1.3.1] AndroidManifest.xml:34:9-52:20
77            android:name="androidx.profileinstaller.ProfileInstallReceiver"
77-->[androidx.profileinstaller:profileinstaller:1.3.1] AndroidManifest.xml:35:13-76
78            android:directBootAware="false"
78-->[androidx.profileinstaller:profileinstaller:1.3.1] AndroidManifest.xml:36:13-44
79            android:enabled="true"
79-->[androidx.profileinstaller:profileinstaller:1.3.1] AndroidManifest.xml:37:13-35
80            android:exported="true"
80-->[androidx.profileinstaller:profileinstaller:1.3.1] AndroidManifest.xml:38:13-36
81            android:permission="android.permission.DUMP" >
81-->[androidx.profileinstaller:profileinstaller:1.3.1] AndroidManifest.xml:39:13-57
82            <intent-filter>
82-->[androidx.profileinstaller:profileinstaller:1.3.1] AndroidManifest.xml:40:13-42:29
83                <action android:name="androidx.profileinstaller.action.INSTALL_PROFILE" />
83-->[androidx.profileinstaller:profileinstaller:1.3.1] AndroidManifest.xml:41:17-91
83-->[androidx.profileinstaller:profileinstaller:1.3.1] AndroidManifest.xml:41:25-88
84            </intent-filter>
85            <intent-filter>
85-->[androidx.profileinstaller:profileinstaller:1.3.1] AndroidManifest.xml:43:13-45:29
86                <action android:name="androidx.profileinstaller.action.SKIP_FILE" />
86-->[androidx.profileinstaller:profileinstaller:1.3.1] AndroidManifest.xml:44:17-85
86-->[androidx.profileinstaller:profileinstaller:1.3.1] AndroidManifest.xml:44:25-82
87            </intent-filter>
88            <intent-filter>
88-->[androidx.profileinstaller:profileinstaller:1.3.1] AndroidManifest.xml:46:13-48:29
89                <action android:name="androidx.profileinstaller.action.SAVE_PROFILE" />
89-->[androidx.profileinstaller:profileinstaller:1.3.1] AndroidManifest.xml:47:17-88
89-->[androidx.profileinstaller:profileinstaller:1.3.1] AndroidManifest.xml:47:25-85
90            </intent-filter>
91            <intent-filter>
91-->[androidx.profileinstaller:profileinstaller:1.3.1] AndroidManifest.xml:49:13-51:29
92                <action android:name="androidx.profileinstaller.action.BENCHMARK_OPERATION" />
92-->[androidx.profileinstaller:profileinstaller:1.3.1] AndroidManifest.xml:50:17-95
92-->[androidx.profileinstaller:profileinstaller:1.3.1] AndroidManifest.xml:50:25-92
93            </intent-filter>
94        </receiver>
95    </application>
96
97</manifest>